<?xml version="1.0" encoding="UTF-8"?>
<coverage generated="1610936471677" clover="3.2.0">
  <project timestamp="1610936471677" name="All files">
    <metrics statements="33" coveredstatements="33" conditionals="8" coveredconditionals="7" methods="1" coveredmethods="1" elements="42" coveredelements="41" complexity="0" loc="33" ncloc="33" packages="1" files="2" classes="2"/>
    <file name="constants.ts" path="/Users/eugene/Desktop/icalts/src/constants.ts">
      <metrics statements="9" coveredstatements="9" conditionals="0" coveredconditionals="0" methods="0" coveredmethods="0"/>
      <line num="1" count="1" type="stmt"/>
      <line num="2" count="1" type="stmt"/>
      <line num="3" count="1" type="stmt"/>
      <line num="5" count="1" type="stmt"/>
      <line num="6" count="1" type="stmt"/>
      <line num="8" count="1" type="stmt"/>
      <line num="9" count="1" type="stmt"/>
      <line num="10" count="1" type="stmt"/>
      <line num="11" count="1" type="stmt"/>
    </file>
    <file name="lines2tree.ts" path="/Users/eugene/Desktop/icalts/src/lines2tree.ts">
      <metrics statements="24" coveredstatements="24" conditionals="8" coveredconditionals="7" methods="1" coveredmethods="1"/>
      <line num="1" count="1" type="stmt"/>
      <line num="15" count="1" type="stmt"/>
      <line num="16" count="7" type="stmt"/>
      <line num="18" count="7" type="stmt"/>
      <line num="19" count="46" type="stmt"/>
      <line num="20" count="46" type="stmt"/>
      <line num="22" count="46" type="stmt"/>
      <line num="23" count="46" type="stmt"/>
      <line num="25" count="46" type="cond" truecount="2" falsecount="0"/>
      <line num="26" count="7" type="stmt"/>
      <line num="27" count="7" type="stmt"/>
      <line num="28" count="7" type="stmt"/>
      <line num="30" count="7" type="stmt"/>
      <line num="31" count="7" type="cond" truecount="2" falsecount="0"/>
      <line num="32" count="6" type="stmt"/>
      <line num="34" count="6" type="cond" truecount="1" falsecount="1"/>
      <line num="35" count="6" type="stmt"/>
      <line num="37" count="6" type="stmt"/>
      <line num="38" count="6" type="stmt"/>
      <line num="39" count="6" type="stmt"/>
      <line num="41" count="6" type="stmt"/>
      <line num="43" count="39" type="cond" truecount="2" falsecount="0"/>
      <line num="44" count="38" type="stmt"/>
      <line num="48" count="7" type="stmt"/>
    </file>
  </project>
</coverage>
