<?xml version="1.0" encoding="UTF-8"?>
<coverage generated="1610981412615" clover="3.2.0">
  <project timestamp="1610981412615" name="All files">
    <metrics statements="46" coveredstatements="46" conditionals="15" coveredconditionals="13" methods="3" coveredmethods="3" elements="64" coveredelements="62" complexity="0" loc="46" ncloc="46" packages="1" files="2" classes="2"/>
    <file name="constants.ts" path="/Users/eugene/Desktop/icalts/src/constants.ts">
      <metrics statements="10" coveredstatements="10" conditionals="0" coveredconditionals="0" methods="0" coveredmethods="0"/>
      <line num="1" count="1" type="stmt"/>
      <line num="2" count="1" type="stmt"/>
      <line num="3" count="1" type="stmt"/>
      <line num="4" count="1" type="stmt"/>
      <line num="6" count="1" type="stmt"/>
      <line num="7" count="1" type="stmt"/>
      <line num="9" count="1" type="stmt"/>
      <line num="10" count="1" type="stmt"/>
      <line num="11" count="1" type="stmt"/>
      <line num="12" count="1" type="stmt"/>
    </file>
    <file name="lines2tree.ts" path="/Users/eugene/Desktop/icalts/src/lines2tree.ts">
      <metrics statements="36" coveredstatements="36" conditionals="15" coveredconditionals="13" methods="3" coveredmethods="3"/>
      <line num="1" count="1" type="stmt"/>
      <line num="19" count="1" type="stmt"/>
      <line num="20" count="2" type="stmt"/>
      <line num="22" count="2" type="stmt"/>
      <line num="23" count="143" type="stmt"/>
      <line num="25" count="143" type="cond" truecount="2" falsecount="0"/>
      <line num="26" count="11" type="stmt"/>
      <line num="27" count="132" type="cond" truecount="2" falsecount="0"/>
      <line num="28" count="130" type="stmt"/>
      <line num="32" count="2" type="stmt"/>
      <line num="35" count="1" type="stmt"/>
      <line num="36" count="2" type="stmt"/>
      <line num="37" count="2" type="stmt"/>
      <line num="40" count="1" type="cond" truecount="1" falsecount="0"/>
      <line num="41" count="14" type="stmt"/>
      <line num="44" count="14" type="stmt"/>
      <line num="45" count="118" type="stmt"/>
      <line num="46" count="118" type="stmt"/>
      <line num="48" count="118" type="stmt"/>
      <line num="49" count="118" type="stmt"/>
      <line num="51" count="118" type="cond" truecount="2" falsecount="0"/>
      <line num="52" count="12" type="stmt"/>
      <line num="53" count="12" type="stmt"/>
      <line num="54" count="12" type="stmt"/>
      <line num="56" count="12" type="stmt"/>
      <line num="58" count="12" type="cond" truecount="1" falsecount="1"/>
      <line num="59" count="12" type="stmt"/>
      <line num="61" count="12" type="cond" truecount="2" falsecount="0"/>
      <line num="62" count="8" type="stmt"/>
      <line num="64" count="12" type="stmt"/>
      <line num="65" count="12" type="stmt"/>
      <line num="66" count="12" type="stmt"/>
      <line num="68" count="12" type="stmt"/>
      <line num="70" count="106" type="cond" truecount="3" falsecount="1"/>
      <line num="71" count="106" type="stmt"/>
      <line num="75" count="14" type="stmt"/>
    </file>
  </project>
</coverage>
