{"/Users/eugene/Desktop/icalts/src/constants.ts": {"path":"/Users/eugene/Desktop/icalts/src/constants.ts","statementMap":{"0":{"start":{"line":1,"column":13},"end":{"line":1,"column":null}},"1":{"start":{"line":2,"column":13},"end":{"line":2,"column":null}},"2":{"start":{"line":3,"column":13},"end":{"line":3,"column":null}},"3":{"start":{"line":4,"column":13},"end":{"line":4,"column":null}},"4":{"start":{"line":6,"column":13},"end":{"line":6,"column":null}},"5":{"start":{"line":7,"column":13},"end":{"line":7,"column":null}},"6":{"start":{"line":9,"column":13},"end":{"line":9,"column":null}},"7":{"start":{"line":10,"column":13},"end":{"line":10,"column":null}},"8":{"start":{"line":11,"column":13},"end":{"line":11,"column":null}},"9":{"start":{"line":12,"column":13},"end":{"line":12,"column":null}}},"fnMap":{},"branchMap":{},"s":{"0":1,"1":1,"2":1,"3":1,"4":1,"5":1,"6":1,"7":1,"8":1,"9":1},"f":{},"b":{}}
,"/Users/eugene/Desktop/icalts/src/lines2tree.ts": {"path":"/Users/eugene/Desktop/icalts/src/lines2tree.ts","statementMap":{"0":{"start":{"line":1,"column":0},"end":{"line":1,"column":null}},"1":{"start":{"line":19,"column":22},"end":{"line":33,"column":1}},"2":{"start":{"line":20,"column":26},"end":{"line":20,"column":28}},"3":{"start":{"line":22,"column":4},"end":{"line":30,"column":null}},"4":{"start":{"line":22,"column":14},"end":{"line":22,"column":15}},"5":{"start":{"line":23,"column":21},"end":{"line":23,"column":29}},"6":{"start":{"line":25,"column":8},"end":{"line":29,"column":null}},"7":{"start":{"line":26,"column":12},"end":{"line":26,"column":null}},"8":{"start":{"line":27,"column":14},"end":{"line":29,"column":null}},"9":{"start":{"line":28,"column":12},"end":{"line":28,"column":null}},"10":{"start":{"line":32,"column":4},"end":{"line":32,"column":null}},"11":{"start":{"line":35,"column":26},"end":{"line":38,"column":1}},"12":{"start":{"line":36,"column":27},"end":{"line":36,"column":50}},"13":{"start":{"line":37,"column":4},"end":{"line":37,"column":null}},"14":{"start":{"line":35,"column":13},"end":{"line":35,"column":26}},"15":{"start":{"line":40,"column":16},"end":{"line":76,"column":1}},"16":{"start":{"line":41,"column":28},"end":{"line":41,"column":30}},"17":{"start":{"line":44,"column":4},"end":{"line":73,"column":null}},"18":{"start":{"line":44,"column":14},"end":{"line":44,"column":15}},"19":{"start":{"line":45,"column":21},"end":{"line":45,"column":29}},"20":{"start":{"line":46,"column":22},"end":{"line":46,"column":41}},"21":{"start":{"line":48,"column":20},"end":{"line":48,"column":41}},"22":{"start":{"line":49,"column":22},"end":{"line":49,"column":44}},"23":{"start":{"line":51,"column":8},"end":{"line":72,"column":null}},"24":{"start":{"line":52,"column":12},"end":{"line":52,"column":null}},"25":{"start":{"line":53,"column":29},"end":{"line":53,"column":61}},"26":{"start":{"line":54,"column":30},"end":{"line":54,"column":56}},"27":{"start":{"line":56,"column":29},"end":{"line":56,"column":58}},"28":{"start":{"line":58,"column":12},"end":{"line":69,"column":null}},"29":{"start":{"line":59,"column":29},"end":{"line":59,"column":56}},"30":{"start":{"line":61,"column":16},"end":{"line":62,"column":null}},"31":{"start":{"line":62,"column":20},"end":{"line":62,"column":null}},"32":{"start":{"line":64,"column":41},"end":{"line":64,"column":69}},"33":{"start":{"line":65,"column":16},"end":{"line":65,"column":null}},"34":{"start":{"line":66,"column":16},"end":{"line":66,"column":null}},"35":{"start":{"line":68,"column":16},"end":{"line":68,"column":null}},"36":{"start":{"line":70,"column":14},"end":{"line":72,"column":null}},"37":{"start":{"line":71,"column":12},"end":{"line":71,"column":null}},"38":{"start":{"line":75,"column":4},"end":{"line":75,"column":null}}},"fnMap":{"0":{"name":"(anonymous_0)","decl":{"start":{"line":19,"column":22},"end":{"line":19,"column":23}},"loc":{"start":{"line":19,"column":50},"end":{"line":33,"column":1}}},"1":{"name":"(anonymous_1)","decl":{"start":{"line":35,"column":26},"end":{"line":35,"column":27}},"loc":{"start":{"line":35,"column":57},"end":{"line":38,"column":1}}},"2":{"name":"(anonymous_2)","decl":{"start":{"line":40,"column":16},"end":{"line":40,"column":17}},"loc":{"start":{"line":40,"column":63},"end":{"line":76,"column":1}}}},"branchMap":{"0":{"loc":{"start":{"line":25,"column":8},"end":{"line":29,"column":null}},"type":"if","locations":[{"start":{"line":25,"column":8},"end":{"line":29,"column":null}},{"start":{"line":25,"column":8},"end":{"line":29,"column":null}}]},"1":{"loc":{"start":{"line":27,"column":14},"end":{"line":29,"column":null}},"type":"if","locations":[{"start":{"line":27,"column":14},"end":{"line":29,"column":null}},{"start":{"line":27,"column":14},"end":{"line":29,"column":null}}]},"2":{"loc":{"start":{"line":40,"column":49},"end":{"line":40,"column":50}},"type":"default-arg","locations":[{"start":{"line":40,"column":49},"end":{"line":40,"column":50}}]},"3":{"loc":{"start":{"line":51,"column":8},"end":{"line":72,"column":null}},"type":"if","locations":[{"start":{"line":51,"column":8},"end":{"line":72,"column":null}},{"start":{"line":51,"column":8},"end":{"line":72,"column":null}}]},"4":{"loc":{"start":{"line":58,"column":12},"end":{"line":69,"column":null}},"type":"if","locations":[{"start":{"line":58,"column":12},"end":{"line":69,"column":null}},{"start":{"line":58,"column":12},"end":{"line":69,"column":null}}]},"5":{"loc":{"start":{"line":61,"column":16},"end":{"line":62,"column":null}},"type":"if","locations":[{"start":{"line":61,"column":16},"end":{"line":62,"column":null}},{"start":{"line":61,"column":16},"end":{"line":62,"column":null}}]},"6":{"loc":{"start":{"line":70,"column":14},"end":{"line":72,"column":null}},"type":"if","locations":[{"start":{"line":70,"column":14},"end":{"line":72,"column":null}},{"start":{"line":70,"column":14},"end":{"line":72,"column":null}}]},"7":{"loc":{"start":{"line":70,"column":17},"end":{"line":70,"column":21}},"type":"binary-expr","locations":[{"start":{"line":70,"column":17},"end":{"line":70,"column":21}},{"start":{"line":70,"column":25},"end":{"line":70,"column":46}}]}},"s":{"0":1,"1":1,"2":2,"3":2,"4":2,"5":143,"6":143,"7":11,"8":132,"9":130,"10":2,"11":1,"12":2,"13":2,"14":1,"15":1,"16":14,"17":14,"18":14,"19":118,"20":118,"21":118,"22":118,"23":118,"24":12,"25":12,"26":12,"27":12,"28":12,"29":12,"30":12,"31":8,"32":12,"33":12,"34":12,"35":12,"36":106,"37":106,"38":14},"f":{"0":2,"1":2,"2":14},"b":{"0":[11,132],"1":[130,2],"2":[2],"3":[12,106],"4":[12,0],"5":[8,4],"6":[106,0],"7":[106,106]}}
}
