{"/Users/eugene/Desktop/icalts/src/constants.ts": {"path":"/Users/eugene/Desktop/icalts/src/constants.ts","statementMap":{"0":{"start":{"line":1,"column":13},"end":{"line":1,"column":null}},"1":{"start":{"line":2,"column":13},"end":{"line":2,"column":null}},"2":{"start":{"line":3,"column":13},"end":{"line":3,"column":null}},"3":{"start":{"line":5,"column":13},"end":{"line":5,"column":null}},"4":{"start":{"line":6,"column":13},"end":{"line":6,"column":null}},"5":{"start":{"line":8,"column":13},"end":{"line":8,"column":null}},"6":{"start":{"line":9,"column":13},"end":{"line":9,"column":null}},"7":{"start":{"line":10,"column":13},"end":{"line":10,"column":null}},"8":{"start":{"line":11,"column":13},"end":{"line":11,"column":null}}},"fnMap":{},"branchMap":{},"s":{"0":1,"1":1,"2":1,"3":1,"4":1,"5":1,"6":1,"7":1,"8":1},"f":{},"b":{}}
,"/Users/eugene/Desktop/icalts/src/lines2tree.ts": {"path":"/Users/eugene/Desktop/icalts/src/lines2tree.ts","statementMap":{"0":{"start":{"line":1,"column":0},"end":{"line":1,"column":null}},"1":{"start":{"line":15,"column":26},"end":{"line":49,"column":1}},"2":{"start":{"line":16,"column":28},"end":{"line":16,"column":30}},"3":{"start":{"line":18,"column":4},"end":{"line":46,"column":null}},"4":{"start":{"line":18,"column":14},"end":{"line":18,"column":15}},"5":{"start":{"line":19,"column":21},"end":{"line":19,"column":29}},"6":{"start":{"line":20,"column":22},"end":{"line":20,"column":41}},"7":{"start":{"line":22,"column":20},"end":{"line":22,"column":41}},"8":{"start":{"line":23,"column":22},"end":{"line":23,"column":44}},"9":{"start":{"line":25,"column":8},"end":{"line":45,"column":null}},"10":{"start":{"line":26,"column":34},"end":{"line":26,"column":39}},"11":{"start":{"line":27,"column":29},"end":{"line":27,"column":61}},"12":{"start":{"line":28,"column":30},"end":{"line":28,"column":53}},"13":{"start":{"line":30,"column":29},"end":{"line":30,"column":58}},"14":{"start":{"line":31,"column":12},"end":{"line":42,"column":null}},"15":{"start":{"line":32,"column":29},"end":{"line":32,"column":49}},"16":{"start":{"line":34,"column":16},"end":{"line":35,"column":null}},"17":{"start":{"line":35,"column":20},"end":{"line":35,"column":null}},"18":{"start":{"line":37,"column":41},"end":{"line":37,"column":69}},"19":{"start":{"line":38,"column":16},"end":{"line":38,"column":null}},"20":{"start":{"line":39,"column":16},"end":{"line":39,"column":null}},"21":{"start":{"line":41,"column":16},"end":{"line":41,"column":null}},"22":{"start":{"line":43,"column":14},"end":{"line":45,"column":null}},"23":{"start":{"line":44,"column":12},"end":{"line":44,"column":null}},"24":{"start":{"line":48,"column":4},"end":{"line":48,"column":null}},"25":{"start":{"line":15,"column":13},"end":{"line":15,"column":26}}},"fnMap":{"0":{"name":"(anonymous_0)","decl":{"start":{"line":15,"column":26},"end":{"line":15,"column":27}},"loc":{"start":{"line":15,"column":54},"end":{"line":49,"column":1}}}},"branchMap":{"0":{"loc":{"start":{"line":25,"column":8},"end":{"line":45,"column":null}},"type":"if","locations":[{"start":{"line":25,"column":8},"end":{"line":45,"column":null}},{"start":{"line":25,"column":8},"end":{"line":45,"column":null}}]},"1":{"loc":{"start":{"line":31,"column":12},"end":{"line":42,"column":null}},"type":"if","locations":[{"start":{"line":31,"column":12},"end":{"line":42,"column":null}},{"start":{"line":31,"column":12},"end":{"line":42,"column":null}}]},"2":{"loc":{"start":{"line":34,"column":16},"end":{"line":35,"column":null}},"type":"if","locations":[{"start":{"line":34,"column":16},"end":{"line":35,"column":null}},{"start":{"line":34,"column":16},"end":{"line":35,"column":null}}]},"3":{"loc":{"start":{"line":43,"column":14},"end":{"line":45,"column":null}},"type":"if","locations":[{"start":{"line":43,"column":14},"end":{"line":45,"column":null}},{"start":{"line":43,"column":14},"end":{"line":45,"column":null}}]}},"s":{"0":1,"1":1,"2":7,"3":7,"4":7,"5":46,"6":46,"7":46,"8":46,"9":46,"10":7,"11":7,"12":7,"13":7,"14":7,"15":6,"16":6,"17":6,"18":6,"19":6,"20":6,"21":6,"22":39,"23":38,"24":7,"25":1},"f":{"0":7},"b":{"0":[7,39],"1":[6,1],"2":[6,0],"3":[38,1]}}
}
