TN:
SF:src/constants.ts
FNF:0
FNH:0
DA:1,1
DA:2,1
DA:3,1
DA:4,1
DA:6,1
DA:7,1
DA:9,1
DA:10,1
DA:11,1
DA:12,1
LF:10
LH:10
BRF:0
BRH:0
end_of_record
TN:
SF:src/lines2tree.ts
FN:19,(anonymous_0)
FN:35,(anonymous_1)
FN:40,(anonymous_2)
FNF:3
FNH:3
FNDA:2,(anonymous_0)
FNDA:2,(anonymous_1)
FNDA:14,(anonymous_2)
DA:1,1
DA:19,1
DA:20,2
DA:22,2
DA:23,143
DA:25,143
DA:26,11
DA:27,132
DA:28,130
DA:32,2
DA:35,1
DA:36,2
DA:37,2
DA:40,1
DA:41,14
DA:44,14
DA:45,118
DA:46,118
DA:48,118
DA:49,118
DA:51,118
DA:52,12
DA:53,12
DA:54,12
DA:56,12
DA:58,12
DA:59,12
DA:61,12
DA:62,8
DA:64,12
DA:65,12
DA:66,12
DA:68,12
DA:70,106
DA:71,106
DA:75,14
LF:36
LH:36
BRDA:25,0,0,11
BRDA:25,0,1,132
BRDA:27,1,0,130
BRDA:27,1,1,2
BRDA:40,2,0,2
BRDA:51,3,0,12
BRDA:51,3,1,106
BRDA:58,4,0,12
BRDA:58,4,1,0
BRDA:61,5,0,8
BRDA:61,5,1,4
BRDA:70,6,0,106
BRDA:70,6,1,0
BRDA:70,7,0,106
BRDA:70,7,1,106
BRF:15
BRH:13
end_of_record
