TN:
SF:src/constants.ts
FNF:0
FNH:0
DA:1,1
DA:2,1
DA:3,1
DA:5,1
DA:6,1
DA:8,1
DA:9,1
DA:10,1
DA:11,1
LF:9
LH:9
BRF:0
BRH:0
end_of_record
TN:
SF:src/lines2tree.ts
FN:15,(anonymous_0)
FNF:1
FNH:1
FNDA:7,(anonymous_0)
DA:1,1
DA:15,1
DA:16,7
DA:18,7
DA:19,46
DA:20,46
DA:22,46
DA:23,46
DA:25,46
DA:26,7
DA:27,7
DA:28,7
DA:30,7
DA:31,7
DA:32,6
DA:34,6
DA:35,6
DA:37,6
DA:38,6
DA:39,6
DA:41,6
DA:43,39
DA:44,38
DA:48,7
LF:24
LH:24
BRDA:25,0,0,7
BRDA:25,0,1,39
BRDA:31,1,0,6
BRDA:31,1,1,1
BRDA:34,2,0,6
BRDA:34,2,1,0
BRDA:43,3,0,38
BRDA:43,3,1,1
BRF:8
BRH:7
end_of_record
